#
# There is insufficient memory for the Java Runtime Environment to continue.
# Native memory allocation (mmap) failed to map 266338304 bytes for G1 virtual space
# Possible reasons:
#   The system is out of physical RAM or swap space
#   The process is running with CompressedOops enabled, and the Java Heap may be blocking the growth of the native heap
# Possible solutions:
#   Reduce memory load on the system
#   Increase physical memory or swap space
#   Check if swap backing store is full
#   Decrease Java heap size (-Xmx/-Xms)
#   Decrease number of Java threads
#   Decrease Java thread stack sizes (-Xss)
#   Set larger code cache with -XX:ReservedCodeCacheSize=
#   JVM is running with Zero Based Compressed Oops mode in which the Java heap is
#     placed in the first 32GB address space. The Java Heap base address is the
#     maximum limit for the native heap growth. Please use -XX:HeapBaseMinAddress
#     to set the Java Heap base and to place the Java Heap above 32GB virtual address.
# This output file may be truncated or incomplete.
#
#  Out of Memory Error (os_windows.cpp:3550), pid=35528, tid=18184
#
# JRE version:  (17.0.7+8) (build )
# Java VM: Java HotSpot(TM) 64-Bit Server VM (17.0.7+8-LTS-224, mixed mode, sharing, tiered, compressed oops, compressed class ptrs, g1 gc, windows-amd64)
# No core dump will be written. Minidumps are not enabled by default on client versions of Windows
#

---------------  S U M M A R Y ------------

Command Line: org.apache.maven.surefire.booter.ForkedBooter C:\Users\MELG20229793\AppData\Local\Temp\surefire15482765939678765698 2024-02-13T14-46-24_315-jvmRun1 surefire12255676654666447151tmp surefire_016185397353020926956tmp

Host: Intel(R) Core(TM) i5-10400 CPU @ 2.90GHz, 12 cores, 15G,  Windows 11 , 64 bit Build 22621 (10.0.22621.1778)
Time: Tue Feb 13 14:46:25 2024 Taipei Standard Time elapsed time: 0.031281 seconds (0d 0h 0m 0s)

---------------  T H R E A D  ---------------

Current thread (0x000001e423a739c0):  JavaThread "Unknown thread" [_thread_in_vm, id=18184, stack(0x00000087f7100000,0x00000087f7200000)]

Stack: [0x00000087f7100000,0x00000087f7200000]
Native frames: (J=compiled Java code, j=interpreted, Vv=VM code, C=native code)
V  [jvm.dll+0x676a4a]
V  [jvm.dll+0x7d74f4]
V  [jvm.dll+0x7d8c9e]
V  [jvm.dll+0x7d9303]
V  [jvm.dll+0x2452c5]
V  [jvm.dll+0x6738f9]
V  [jvm.dll+0x668232]
V  [jvm.dll+0x302826]
V  [jvm.dll+0x309da6]
V  [jvm.dll+0x35952e]
V  [jvm.dll+0x35975f]
V  [jvm.dll+0x2d9a38]
V  [jvm.dll+0x2da9a4]
V  [jvm.dll+0x7a8fb1]
V  [jvm.dll+0x3670e1]
V  [jvm.dll+0x788359]
V  [jvm.dll+0x3ea5ef]
V  [jvm.dll+0x3ec071]
C  [jli.dll+0x5297]
C  [ucrtbase.dll+0x29363]
C  [KERNEL32.DLL+0x126ad]
C  [ntdll.dll+0x5a9f8]


---------------  P R O C E S S  ---------------

Threads class SMR info:
_java_thread_list=0x00007ffd9dc04998, length=0, elements={
}

Java Threads: ( => current thread )

Other Threads:
  0x000001e443e74870 GCTaskThread "GC Thread#0" [stack: 0x00000087f7200000,0x00000087f7300000] [id=34512]
  0x000001e423addd40 ConcurrentGCThread "G1 Main Marker" [stack: 0x00000087f7300000,0x00000087f7400000] [id=13516]
  0x000001e423aded00 ConcurrentGCThread "G1 Conc#0" [stack: 0x00000087f7400000,0x00000087f7500000] [id=11944]

[error occurred during error reporting (printing all threads), id 0xc0000005, EXCEPTION_ACCESS_VIOLATION (0xc0000005) at pc=0x00007ffd9d43a697]

VM state: not at safepoint (not fully initialized)

VM Mutex/Monitor currently owned by a thread:  ([mutex/lock_event])
[0x000001e423a6eb00] Heap_lock - owner thread: 0x000001e423a739c0

Heap address: 0x0000000702800000, size: 4056 MB, Compressed Oops mode: Zero based, Oop shift amount: 3

CDS archive(s) mapped at: [0x0000000000000000-0x0000000000000000-0x0000000000000000), size 0, SharedBaseAddress: 0x0000000800000000, ArchiveRelocationMode: 0.
Narrow klass base: 0x0000000000000000, Narrow klass shift: 0, Narrow klass range: 0x0

GC Precious Log:
<Empty>

Heap:
 garbage-first heap   total 0K, used 0K [0x0000000702800000, 0x0000000800000000)
  region size 2048K, 0 young (0K), 0 survivors (0K)

[error occurred during error reporting (printing heap information), id 0xc0000005, EXCEPTION_ACCESS_VIOLATION (0xc0000005) at pc=0x00007ffd9d8200b9]

GC Heap History (0 events):
No events

Deoptimization events (0 events):
No events

Classes unloaded (0 events):
No events

Classes redefined (0 events):
No events

Internal exceptions (0 events):
No events

VM Operations (0 events):
No events

Events (1 events):
Event: 0.023 Loaded shared library C:\Program Files\Java\jdk-17\bin\java.dll


Dynamic libraries:
0x00007ff66aba0000 - 0x00007ff66abb0000 	C:\Program Files\Java\jdk-17\bin\java.exe
0x00007ffdd4050000 - 0x00007ffdd4264000 	C:\WINDOWS\SYSTEM32\ntdll.dll
0x00007ffdd3050000 - 0x00007ffdd3112000 	C:\WINDOWS\System32\KERNEL32.DLL
0x00007ffdd1590000 - 0x00007ffdd1933000 	C:\WINDOWS\System32\KERNELBASE.dll
0x00007ffdd1c50000 - 0x00007ffdd1d61000 	C:\WINDOWS\System32\ucrtbase.dll
0x00007ffdcef00000 - 0x00007ffdcef19000 	C:\Program Files\Java\jdk-17\bin\jli.dll
0x00007ffdcef20000 - 0x00007ffdcef3b000 	C:\Program Files\Java\jdk-17\bin\VCRUNTIME140.dll
0x00007ffdd32a0000 - 0x00007ffdd334e000 	C:\WINDOWS\System32\ADVAPI32.dll
0x00007ffdd3a20000 - 0x00007ffdd3ac7000 	C:\WINDOWS\System32\msvcrt.dll
0x00007ffdd3bc0000 - 0x00007ffdd3c64000 	C:\WINDOWS\System32\sechost.dll
0x00007ffdd20a0000 - 0x00007ffdd21b7000 	C:\WINDOWS\System32\RPCRT4.dll
0x00007ffdd2d00000 - 0x00007ffdd2eab000 	C:\WINDOWS\System32\USER32.dll
0x00007ffdd1560000 - 0x00007ffdd1586000 	C:\WINDOWS\System32\win32u.dll
0x00007ffdd1ee0000 - 0x00007ffdd1f09000 	C:\WINDOWS\System32\GDI32.dll
0x00007ffdd1b30000 - 0x00007ffdd1c49000 	C:\WINDOWS\System32\gdi32full.dll
0x00007ffdd14c0000 - 0x00007ffdd155a000 	C:\WINDOWS\System32\msvcp_win.dll
0x00007ffdbc230000 - 0x00007ffdbc4be000 	C:\WINDOWS\WinSxS\amd64_microsoft.windows.common-controls_6595b64144ccf1df_6.0.22621.1635_none_270f70857386168e\COMCTL32.dll
0x00007ffdcee70000 - 0x00007ffdcee7a000 	C:\WINDOWS\SYSTEM32\VERSION.dll
0x00007ffdd2cc0000 - 0x00007ffdd2cf1000 	C:\WINDOWS\System32\IMM32.DLL
0x00007ffdc51f0000 - 0x00007ffdc53f2000 	C:\WINDOWS\system32\tmumh\20019\AddOn\8.55.0.1288\TmUmEvt64.dll
0x00007ffdd33a0000 - 0x00007ffdd33a8000 	C:\WINDOWS\System32\PSAPI.DLL
0x0000000071d10000 - 0x0000000071ea7000 	C:\WINDOWS\system32\tmumh\20019\TmMon\2.9.0.1084\tmmon64.dll
0x00007ffdceef0000 - 0x00007ffdceefc000 	C:\Program Files\Java\jdk-17\bin\vcruntime140_1.dll
0x00007ffdce3e0000 - 0x00007ffdce46e000 	C:\Program Files\Java\jdk-17\bin\msvcp140.dll
0x00007ffd9d150000 - 0x00007ffd9dd2d000 	C:\Program Files\Java\jdk-17\bin\server\jvm.dll
0x00007ffdb9810000 - 0x00007ffdb9819000 	C:\WINDOWS\SYSTEM32\WSOCK32.dll
0x00007ffdd3120000 - 0x00007ffdd3191000 	C:\WINDOWS\System32\WS2_32.dll
0x00007ffdc8eb0000 - 0x00007ffdc8ee4000 	C:\WINDOWS\SYSTEM32\WINMM.dll
0x00007ffdd0460000 - 0x00007ffdd0478000 	C:\WINDOWS\SYSTEM32\kernel.appcore.dll
0x00007ffdceee0000 - 0x00007ffdceeea000 	C:\Program Files\Java\jdk-17\bin\jimage.dll
0x00007ffdbdbe0000 - 0x00007ffdbde0e000 	C:\WINDOWS\SYSTEM32\DBGHELP.DLL
0x00007ffdd3c80000 - 0x00007ffdd4009000 	C:\WINDOWS\System32\combase.dll
0x00007ffdd3ad0000 - 0x00007ffdd3ba7000 	C:\WINDOWS\System32\OLEAUT32.dll
0x00007ffdbd590000 - 0x00007ffdbd5c2000 	C:\WINDOWS\SYSTEM32\dbgcore.DLL
0x00007ffdd1ab0000 - 0x00007ffdd1b2b000 	C:\WINDOWS\System32\bcryptPrimitives.dll
0x00007ffdced40000 - 0x00007ffdced65000 	C:\Program Files\Java\jdk-17\bin\java.dll

dbghelp: loaded successfully - version: 4.0.5 - missing functions: none
symbol engine: initialized successfully - sym options: 0x614 - pdb path: .;C:\Program Files\Java\jdk-17\bin;C:\WINDOWS\SYSTEM32;C:\WINDOWS\WinSxS\amd64_microsoft.windows.common-controls_6595b64144ccf1df_6.0.22621.1635_none_270f70857386168e;C:\WINDOWS\system32\tmumh\20019\AddOn\8.55.0.1288;C:\WINDOWS\system32\tmumh\20019\TmMon\2.9.0.1084;C:\Program Files\Java\jdk-17\bin\server

VM Arguments:
java_command: org.apache.maven.surefire.booter.ForkedBooter C:\Users\MELG20229793\AppData\Local\Temp\surefire15482765939678765698 2024-02-13T14-46-24_315-jvmRun1 surefire12255676654666447151tmp surefire_016185397353020926956tmp
java_class_path (initial): C:\Users\MELG20229793\.m2\repository\org\apache\maven\surefire\surefire-booter\3.0.0-M1\surefire-booter-3.0.0-M1.jar;C:\Users\MELG20229793\.m2\repository\org\apache\maven\surefire\surefire-api\3.0.0-M1\surefire-api-3.0.0-M1.jar;C:\Users\MELG20229793\.m2\repository\org\apache\maven\surefire\surefire-logger-api\3.0.0-M1\surefire-logger-api-3.0.0-M1.jar;D:\Projects\mlshop-web-automation\target\test-classes;D:\Projects\mlshop-web-automation\target\classes;C:\Users\MELG20229793\.m2\repository\io\appium\java-client\7.2.0\java-client-7.2.0.jar;C:\Users\MELG20229793\.m2\repository\org\seleniumhq\selenium\selenium-support\3.141.59\selenium-support-3.141.59.jar;C:\Users\MELG20229793\.m2\repository\org\seleniumhq\selenium\selenium-api\3.141.59\selenium-api-3.141.59.jar;C:\Users\MELG20229793\.m2\repository\com\google\code\gson\gson\2.8.5\gson-2.8.5.jar;C:\Users\MELG20229793\.m2\repository\org\apache\httpcomponents\httpclient\4.5.9\httpclient-4.5.9.jar;C:\Users\MELG20229793\.m2\repository\cglib\cglib\3.2.12\cglib-3.2.12.jar;C:\Users\MELG20229793\.m2\repository\org\ow2\asm\asm\7.1\asm-7.1.jar;C:\Users\MELG20229793\.m2\repository\commons-io\commons-io\2.6\commons-io-2.6.jar;C:\Users\MELG20229793\.m2\repository\org\springframework\spring-context\5.1.8.RELEASE\spring-context-5.1.8.RELEASE.jar;C:\Users\MELG20229793\.m2\repository\org\springframework\spring-aop\5.1.8.RELEASE\spring-aop-5.1.8.RELEASE.jar;C:\Users\MELG20229793\.m2\repository\org\springframework\spring-beans\5.1.8.RELEASE\spring-beans-5.1.8.RELEASE.jar;C:\Users\MELG20229793\.m2\repository\org\springframework\spring-core\5.1.8.RELEASE\spring-core-5.1.8.RELEASE.jar;C:\Users\MELG20229793\.m2\repository\org\springframework\spring-jcl\5.1.8.RELEASE\spring-jcl-5.1.8.RELEASE.jar;C:\Users\MELG20229793\.m2\repository\org\springframework\spring-expression\5.1.8.RELEASE\spring-expression-5.1.8.RELEASE.jar;C:\Users\MELG20229793\.m2\repository\org\aspectj\aspectjweaver\1.9.4\aspectjweaver-1.9.4.jar;C:\Use
Launcher Type: SUN_STANDARD

[Global flags]
     intx CICompilerCount                          = 4                                         {product} {ergonomic}
     uint ConcGCThreads                            = 3                                         {product} {ergonomic}
     uint G1ConcRefinementThreads                  = 10                                        {product} {ergonomic}
   size_t G1HeapRegionSize                         = 2097152                                   {product} {ergonomic}
    uintx GCDrainStackTargetSize                   = 64                                        {product} {ergonomic}
   size_t InitialHeapSize                          = 266338304                                 {product} {ergonomic}
   size_t MarkStackSize                            = 4194304                                   {product} {ergonomic}
   size_t MaxHeapSize                              = 4253024256                                {product} {ergonomic}
   size_t MinHeapDeltaBytes                        = 2097152                                   {product} {ergonomic}
   size_t MinHeapSize                              = 8388608                                   {product} {ergonomic}
    uintx NonNMethodCodeHeapSize                   = 5839372                                {pd product} {ergonomic}
    uintx NonProfiledCodeHeapSize                  = 122909434                              {pd product} {ergonomic}
    uintx ProfiledCodeHeapSize                     = 122909434                              {pd product} {ergonomic}
    uintx ReservedCodeCacheSize                    = 251658240                              {pd product} {ergonomic}
     bool SegmentedCodeCache                       = true                                      {product} {ergonomic}
   size_t SoftMaxHeapSize                          = 4253024256                             {manageable} {ergonomic}
     bool UseCompressedClassPointers               = true                           {product lp64_product} {ergonomic}
     bool UseCompressedOops                        = true                           {product lp64_product} {ergonomic}
     bool UseG1GC                                  = true                                      {product} {ergonomic}
     bool UseLargePagesIndividualAllocation        = false                                  {pd product} {ergonomic}

Logging:
Log output configuration:
 #0: stdout all=warning uptime,level,tags
 #1: stderr all=off uptime,level,tags

Environment Variables:
JAVA_HOME=C:\Program Files\Java\jdk-17
CLASSPATH=C:\Users\MELG20229793\.m2\repository\org\apache\maven\surefire\surefire-booter\3.0.0-M1\surefire-booter-3.0.0-M1.jar;C:\Users\MELG20229793\.m2\repository\org\apache\maven\surefire\surefire-api\3.0.0-M1\surefire-api-3.0.0-M1.jar;C:\Users\MELG20229793\.m2\repository\org\apache\maven\surefire\surefire-logger-api\3.0.0-M1\surefire-logger-api-3.0.0-M1.jar;D:\Projects\mlshop-web-automation\target\test-classes;D:\Projects\mlshop-web-automation\target\classes;C:\Users\MELG20229793\.m2\repository\io\appium\java-client\7.2.0\java-client-7.2.0.jar;C:\Users\MELG20229793\.m2\repository\org\seleniumhq\selenium\selenium-support\3.141.59\selenium-support-3.141.59.jar;C:\Users\MELG20229793\.m2\repository\org\seleniumhq\selenium\selenium-api\3.141.59\selenium-api-3.141.59.jar;C:\Users\MELG20229793\.m2\repository\com\google\code\gson\gson\2.8.5\gson-2.8.5.jar;C:\Users\MELG20229793\.m2\repository\org\apache\httpcomponents\httpclient\4.5.9\httpclient-4.5.9.jar;C:\Users\MELG20229793\.m2\repository\cglib\cglib\3.2.12\cglib-3.2.12.jar;C:\Users\MELG20229793\.m2\repository\org\ow2\asm\asm\7.1\asm-7.1.jar;C:\Users\MELG20229793\.m2\repository\commons-io\commons-io\2.6\commons-io-2.6.jar;C:\Users\MELG20229793\.m2\repository\org\springframework\spring-context\5.1.8.RELEASE\spring-context-5.1.8.RELEASE.jar;C:\Users\MELG20229793\.m2\repository\org\springframework\spring-aop\5.1.8.RELEASE\spring-aop-5.1.8.RELEASE.jar;C:\Users\MELG20229793\.m2\repository\org\springframework\spring-beans\5.1.8.RELEASE\spring-beans-5.1.8.RELEASE.jar;C:\Users\MELG20229793\.m2\repository\org\springframework\spring-core\5.1.8.RELEASE\spring-core-5.1.8.RELEASE.jar;C:\Users\MELG20229793\.m2\repository\org\springframework\spring-jcl\5.1.8.RELEASE\spring-jcl-5.1.8.RELEASE.jar;C:\Users\MELG20229793\.m2\repository\org\springframework\spring-expression\5.1.8.RELEASE\spring-expression-5.1.8.RELEASE.jar;C:\Users\MELG20229793\.m2\repository\org\aspectj\aspectjweaver\1.9.4\aspectjweaver-1.9.4.jar;C:\Users\MELG20229793\.m2\reposit
PATH=C:\Program Files\Common Files\Oracle\Java\javapath;C:\WINDOWS\system32;C:\WINDOWS;C:\WINDOWS\System32\Wbem;C:\WINDOWS\System32\WindowsPowerShell\v1.0\;C:\apache-maven-3.8.5\bin;C:\WINDOWS\System32\OpenSSH\;C:\apache-jmeter-5.4.1\bin;C:\Program Files\Java\jdk-17\bin;C:\Program Files (x86)\Microsoft SQL Server\130\DTS\Binn\;C:\Program Files\Microsoft SQL Server\130\DTS\Binn\;C:\Program Files\Microsoft SQL Server\Client SDK\ODBC\130\Tools\Binn\;C:\Program Files (x86)\Microsoft SQL Server\130\Tools\Binn\;C:\Program Files\Microsoft SQL Server\130\Tools\Binn\;C:\Program Files (x86)\Microsoft SQL Server\Client SDK\ODBC\130\Tools\Binn\;C:\Program Files (x86)\Microsoft SQL Server\130\Tools\Binn\ManagementStudio\;C:\Program Files\Microsoft SQL Server\150\Tools\Binn\;C:\Program Files\Microsoft SQL Server\Client SDK\ODBC\170\Tools\Binn\;C:\Users\MELG20229793\AppData\Local\Android\Sdk\platform-tools;C:\Program Files\nodejs\;C:\WINDOWS\system32;C:\WINDOWS;C:\WINDOWS\System32\Wbem;C:\WINDOWS\System32\WindowsPowerShell\v1.0\;C:\WINDOWS\System32\OpenSSH\;C:\Users\MELG20229793\AppData\Local\Android\Sdk\tools;C:\Users\MELG20229793\AppData\Local\Android\Sdk\tools\bin;C:\Users\MELG20229793\AppData\Local\Android\Sdk\platforms;C:\Users\MELG20229793\AppData\Local\Android\Sdk\platform-tools;C:\Program Files\Git\bin;C:\Program Files\Git\git-cmd;C:\Program Files\PuTTY\;C:\Users\MELG20229793\AppData\Roaming\npm;C:\Users\MELG20229793\AppData\Local\Programs\Python\Python311\Scripts\;C:\Users\MELG20229793\AppData\Local\Programs\Python\Python311\;C:\Users\MELG20229793\AppData\Local\Microsoft\WindowsApps;C:\Users\MELG20229793\AppData\Local\Programs\Microsoft VS Code\bin;D:\IntelliJ IDEA Educational Edition 2022.2.2\bin;;C:\Users\MELG20229793\AppData\Roaming\npm;C:\Users\MELG20229793\AppData\Local\GitHubDesktop\bin;C:\Program Files (x86)\BrowserStackLocal\
USERNAME=MELG20229793
LANG=en_US.UTF-8
OS=Windows_NT
PROCESSOR_IDENTIFIER=Intel64 Family 6 Model 165 Stepping 5, GenuineIntel



---------------  S Y S T E M  ---------------

OS:
 Windows 11 , 64 bit Build 22621 (10.0.22621.1778)
OS uptime: 20 days 5:37 hours
Hyper-V role detected

CPU: total 12 (initial active 12) (6 cores per cpu, 2 threads per core) family 6 model 165 stepping 5 microcode 0xe0, cx8, cmov, fxsr, ht, mmx, 3dnowpref, sse, sse2, sse3, ssse3, sse4.1, sse4.2, popcnt, lzcnt, tsc, tscinvbit, avx, avx2, aes, erms, clmul, bmi1, bmi2, adx, fma, vzeroupper, clflush, clflushopt, hv

Memory: 4k page, system-wide physical 16223M (338M free)
TotalPageFile size 45854M (AvailPageFile size 210M)
current process WorkingSet (physical memory assigned to process): 13M, peak: 13M
current process commit charge ("private bytes"): 67M, peak: 321M

vm_info: Java HotSpot(TM) 64-Bit Server VM (17.0.7+8-LTS-224) for windows-amd64 JRE (17.0.7+8-LTS-224), built on Feb 28 2023 23:03:02 by "mach5one" with MS VC++ 17.1 (VS2022)

END.
